  main.cpp
C:\Users\s211054\Desktop\Ateroidrepository\Asteroids\RaylibStarterCPP\main.cpp(68,34): warning C4244: '=': conversion from 'int' to 'float', possible loss of data
C:\Users\s211054\Desktop\Ateroidrepository\Asteroids\RaylibStarterCPP\main.cpp(69,35): warning C4244: '=': conversion from 'int' to 'float', possible loss of data
C:\Users\s211054\Desktop\Ateroidrepository\Asteroids\RaylibStarterCPP\main.cpp(82,73): warning C4244: 'argument': conversion from 'double' to '_Ty', possible loss of data
          with
          [
              _Ty=int
          ]
C:\Users\s211054\Desktop\Ateroidrepository\Asteroids\RaylibStarterCPP\main.cpp(85,45): warning C4244: '=': conversion from 'int' to 'float', possible loss of data
C:\Users\s211054\Desktop\Ateroidrepository\Asteroids\RaylibStarterCPP\main.cpp(86,45): warning C4244: '=': conversion from 'int' to 'float', possible loss of data
C:\Users\s211054\Desktop\Ateroidrepository\Asteroids\RaylibStarterCPP\main.cpp(87,45): warning C4244: '=': conversion from 'int' to 'float', possible loss of data
C:\Users\s211054\Desktop\Ateroidrepository\Asteroids\RaylibStarterCPP\main.cpp(88,45): warning C4244: '=': conversion from 'int' to 'float', possible loss of data
C:\Users\s211054\Desktop\Ateroidrepository\Asteroids\RaylibStarterCPP\main.cpp(138,29): warning C4244: '=': conversion from 'int' to 'float', possible loss of data
C:\Users\s211054\Desktop\Ateroidrepository\Asteroids\RaylibStarterCPP\main.cpp(139,29): warning C4244: '=': conversion from 'int' to 'float', possible loss of data
C:\Users\s211054\Desktop\Ateroidrepository\Asteroids\RaylibStarterCPP\main.cpp(442,51): warning C4244: 'argument': conversion from 'float' to 'int', possible loss of data
C:\Users\s211054\Desktop\Ateroidrepository\Asteroids\RaylibStarterCPP\main.cpp(442,34): warning C4244: 'argument': conversion from 'float' to 'int', possible loss of data
C:\Users\s211054\Desktop\Ateroidrepository\Asteroids\RaylibStarterCPP\main.cpp(446,51): warning C4244: 'argument': conversion from 'float' to 'int', possible loss of data
C:\Users\s211054\Desktop\Ateroidrepository\Asteroids\RaylibStarterCPP\main.cpp(446,34): warning C4244: 'argument': conversion from 'float' to 'int', possible loss of data
C:\Users\s211054\Desktop\Ateroidrepository\Asteroids\RaylibStarterCPP\main.cpp(455,61): warning C4244: 'argument': conversion from 'float' to 'int', possible loss of data
C:\Users\s211054\Desktop\Ateroidrepository\Asteroids\RaylibStarterCPP\main.cpp(455,39): warning C4244: 'argument': conversion from 'float' to 'int', possible loss of data
C:\Users\s211054\Desktop\Ateroidrepository\Asteroids\RaylibStarterCPP\main.cpp(456,99): warning C4244: 'argument': conversion from 'double' to 'float', possible loss of data
C:\Users\s211054\Desktop\Ateroidrepository\Asteroids\RaylibStarterCPP\main.cpp(456,72): warning C4244: 'argument': conversion from 'float' to 'int', possible loss of data
C:\Users\s211054\Desktop\Ateroidrepository\Asteroids\RaylibStarterCPP\main.cpp(456,45): warning C4244: 'argument': conversion from 'float' to 'int', possible loss of data
C:\Users\s211054\Desktop\Ateroidrepository\Asteroids\RaylibStarterCPP\main.cpp(457,101): warning C4244: 'argument': conversion from 'double' to 'float', possible loss of data
C:\Users\s211054\Desktop\Ateroidrepository\Asteroids\RaylibStarterCPP\main.cpp(457,73): warning C4244: 'argument': conversion from 'float' to 'int', possible loss of data
C:\Users\s211054\Desktop\Ateroidrepository\Asteroids\RaylibStarterCPP\main.cpp(457,45): warning C4244: 'argument': conversion from 'float' to 'int', possible loss of data
C:\Users\s211054\Desktop\Ateroidrepository\Asteroids\RaylibStarterCPP\main.cpp(458,100): warning C4244: 'argument': conversion from 'double' to 'float', possible loss of data
C:\Users\s211054\Desktop\Ateroidrepository\Asteroids\RaylibStarterCPP\main.cpp(458,73): warning C4244: 'argument': conversion from 'float' to 'int', possible loss of data
C:\Users\s211054\Desktop\Ateroidrepository\Asteroids\RaylibStarterCPP\main.cpp(458,45): warning C4244: 'argument': conversion from 'float' to 'int', possible loss of data
C:\Users\s211054\Desktop\Ateroidrepository\Asteroids\RaylibStarterCPP\main.cpp(462,61): warning C4244: 'argument': conversion from 'float' to 'int', possible loss of data
C:\Users\s211054\Desktop\Ateroidrepository\Asteroids\RaylibStarterCPP\main.cpp(462,39): warning C4244: 'argument': conversion from 'float' to 'int', possible loss of data
C:\Users\s211054\Desktop\Ateroidrepository\Asteroids\RaylibStarterCPP\main.cpp(470,61): warning C4244: 'argument': conversion from 'float' to 'int', possible loss of data
C:\Users\s211054\Desktop\Ateroidrepository\Asteroids\RaylibStarterCPP\main.cpp(470,39): warning C4244: 'argument': conversion from 'float' to 'int', possible loss of data
C:\Users\s211054\Desktop\Ateroidrepository\Asteroids\RaylibStarterCPP\main.cpp(471,99): warning C4244: 'argument': conversion from 'double' to 'float', possible loss of data
C:\Users\s211054\Desktop\Ateroidrepository\Asteroids\RaylibStarterCPP\main.cpp(471,71): warning C4244: 'argument': conversion from 'float' to 'int', possible loss of data
C:\Users\s211054\Desktop\Ateroidrepository\Asteroids\RaylibStarterCPP\main.cpp(471,45): warning C4244: 'argument': conversion from 'float' to 'int', possible loss of data
C:\Users\s211054\Desktop\Ateroidrepository\Asteroids\RaylibStarterCPP\main.cpp(472,101): warning C4244: 'argument': conversion from 'double' to 'float', possible loss of data
C:\Users\s211054\Desktop\Ateroidrepository\Asteroids\RaylibStarterCPP\main.cpp(472,73): warning C4244: 'argument': conversion from 'float' to 'int', possible loss of data
C:\Users\s211054\Desktop\Ateroidrepository\Asteroids\RaylibStarterCPP\main.cpp(472,45): warning C4244: 'argument': conversion from 'float' to 'int', possible loss of data
C:\Users\s211054\Desktop\Ateroidrepository\Asteroids\RaylibStarterCPP\main.cpp(473,101): warning C4244: 'argument': conversion from 'double' to 'float', possible loss of data
C:\Users\s211054\Desktop\Ateroidrepository\Asteroids\RaylibStarterCPP\main.cpp(473,73): warning C4244: 'argument': conversion from 'float' to 'int', possible loss of data
C:\Users\s211054\Desktop\Ateroidrepository\Asteroids\RaylibStarterCPP\main.cpp(473,45): warning C4244: 'argument': conversion from 'float' to 'int', possible loss of data
C:\Users\s211054\Desktop\Ateroidrepository\Asteroids\RaylibStarterCPP\main.cpp(477,61): warning C4244: 'argument': conversion from 'float' to 'int', possible loss of data
C:\Users\s211054\Desktop\Ateroidrepository\Asteroids\RaylibStarterCPP\main.cpp(477,39): warning C4244: 'argument': conversion from 'float' to 'int', possible loss of data
C:\Users\s211054\Desktop\Ateroidrepository\Asteroids\RaylibStarterCPP\main.cpp(485,65): warning C4244: 'argument': conversion from 'float' to 'int', possible loss of data
C:\Users\s211054\Desktop\Ateroidrepository\Asteroids\RaylibStarterCPP\main.cpp(485,41): warning C4244: 'argument': conversion from 'float' to 'int', possible loss of data
C:\Users\s211054\Desktop\Ateroidrepository\Asteroids\RaylibStarterCPP\main.cpp(486,105): warning C4244: 'argument': conversion from 'double' to 'float', possible loss of data
C:\Users\s211054\Desktop\Ateroidrepository\Asteroids\RaylibStarterCPP\main.cpp(486,75): warning C4244: 'argument': conversion from 'float' to 'int', possible loss of data
C:\Users\s211054\Desktop\Ateroidrepository\Asteroids\RaylibStarterCPP\main.cpp(486,47): warning C4244: 'argument': conversion from 'float' to 'int', possible loss of data
C:\Users\s211054\Desktop\Ateroidrepository\Asteroids\RaylibStarterCPP\main.cpp(487,107): warning C4244: 'argument': conversion from 'double' to 'float', possible loss of data
C:\Users\s211054\Desktop\Ateroidrepository\Asteroids\RaylibStarterCPP\main.cpp(487,77): warning C4244: 'argument': conversion from 'float' to 'int', possible loss of data
C:\Users\s211054\Desktop\Ateroidrepository\Asteroids\RaylibStarterCPP\main.cpp(487,47): warning C4244: 'argument': conversion from 'float' to 'int', possible loss of data
C:\Users\s211054\Desktop\Ateroidrepository\Asteroids\RaylibStarterCPP\main.cpp(488,106): warning C4244: 'argument': conversion from 'double' to 'float', possible loss of data
C:\Users\s211054\Desktop\Ateroidrepository\Asteroids\RaylibStarterCPP\main.cpp(488,77): warning C4244: 'argument': conversion from 'float' to 'int', possible loss of data
C:\Users\s211054\Desktop\Ateroidrepository\Asteroids\RaylibStarterCPP\main.cpp(488,47): warning C4244: 'argument': conversion from 'float' to 'int', possible loss of data
C:\Users\s211054\Desktop\Ateroidrepository\Asteroids\RaylibStarterCPP\main.cpp(492,65): warning C4244: 'argument': conversion from 'float' to 'int', possible loss of data
C:\Users\s211054\Desktop\Ateroidrepository\Asteroids\RaylibStarterCPP\main.cpp(492,41): warning C4244: 'argument': conversion from 'float' to 'int', possible loss of data
  Generating code
  0 of 102 functions ( 0.0%) were compiled, the rest were copied from previous compilation.
    0 functions were new in current compilation
    0 functions had inline decision re-evaluated but remain unchanged
  Finished generating code
  RaylibStarterCPP.vcxproj -> C:\Users\s211054\Desktop\Ateroidrepository\Asteroids\bin\Win32\Release\RaylibStarterCPP.exe
